{"action":27,"origin":"ac2","date":"2024-02-10T15:15:47","phones":[],"objects":[],"characters":[],"vehicles":[],"interiors":[],"accounts":[2],"content":"Connected from 127.0.0.1 - 9F9B2E173D6A3E6B999F7DCB30480170","factions":[]}
{"action":27,"origin":"ac2","date":"2024-02-10T15:15:57","phones":[],"objects":[],"characters":[2],"vehicles":[],"interiors":[],"accounts":[2],"content":"Spawned","factions":[]}
{"action":27,"origin":"ac2","date":"2024-02-10T15:17:59","phones":[],"objects":[],"characters":[2],"vehicles":[],"interiors":[],"accounts":[2],"content":"Disconnected (Quit) (Name: Jarda_Lesik)","factions":[]}
{"action":27,"origin":"ac2","date":"2024-02-10T15:18:18","phones":[],"objects":[],"characters":[],"vehicles":[],"interiors":[],"accounts":[2],"content":"Connected from 127.0.0.1 - 9F9B2E173D6A3E6B999F7DCB30480170","factions":[]}
{"action":27,"origin":"ac2","date":"2024-02-10T15:18:26","phones":[],"objects":[],"characters":[2],"vehicles":[],"interiors":[],"accounts":[2],"content":"Spawned","factions":[]}
{"action":4,"origin":"ch2","date":"2024-02-10T15:19:09","phones":[],"objects":[],"characters":[],"vehicles":[],"interiors":[],"accounts":[],"content":"MAKE FACTION","factions":[4]}
{"action":4,"origin":"ch2","date":"2024-02-10T15:19:34","phones":[],"objects":[],"characters":[],"vehicles":[],"interiors":[],"accounts":[],"content":"MAKE FACTION","factions":[5]}
{"action":4,"origin":"ch2","date":"2024-02-10T15:20:16","phones":[],"objects":[],"characters":[],"vehicles":[],"interiors":[],"accounts":[],"content":"MAKE FACTION","factions":[6]}
{"action":40,"origin":"ch2","date":"2024-02-10T15:24:27","phones":[],"objects":[],"characters":[2],"vehicles":[],"interiors":[],"accounts":[],"content":"Jarda Lesik takes out his Cellphone.","factions":[]}
{"action":40,"origin":"ch2","date":"2024-02-10T15:27:14","phones":[],"objects":[],"characters":[2],"vehicles":[],"interiors":[],"accounts":[],"content":"Jarda Lesik takes out his Cellphone.","factions":[]}
{"action":40,"origin":"ch2","date":"2024-02-10T15:28:44","phones":[],"objects":[],"characters":[2],"vehicles":[],"interiors":[],"accounts":[],"content":"Jarda Lesik takes out his Cellphone.","factions":[]}
{"action":40,"origin":"ch2","date":"2024-02-10T15:32:40","phones":[],"objects":[],"characters":[2],"vehicles":[],"interiors":[],"accounts":[],"content":"Jarda Lesik takes out his Cellphone.","factions":[]}
{"action":40,"origin":"ch2","date":"2024-02-10T15:38:48","phones":[],"objects":[],"characters":[2],"vehicles":[],"interiors":[],"accounts":[],"content":"Jarda Lesik takes out his Cellphone.","factions":[]}
{"action":40,"origin":"ch2","date":"2024-02-10T15:39:33","phones":[],"objects":[],"characters":[2],"vehicles":[],"interiors":[],"accounts":[],"content":"Jarda Lesik puts down his Cellphone.","factions":[]}
{"action":4,"origin":"ch2","date":"2024-02-10T16:03:43","phones":[],"objects":[],"characters":[],"vehicles":[],"interiors":[],"accounts":[],"content":"MAKE FACTION","factions":[7]}
{"action":40,"origin":"ch2","date":"2024-02-10T16:04:14","phones":[],"objects":[],"characters":[2],"vehicles":[],"interiors":[],"accounts":[],"content":"Jarda Lesik takes out his Cellphone.","factions":[]}
{"action":40,"origin":"ch2","date":"2024-02-10T16:04:21","phones":[],"objects":[],"characters":[2],"vehicles":[],"interiors":[],"accounts":[],"content":"Jarda Lesik puts down his Cellphone.","factions":[]}
{"action":27,"origin":"ac2","date":"2024-02-10T16:04:27","phones":[],"objects":[],"characters":[2],"vehicles":[],"interiors":[],"accounts":[2],"content":"Disconnected (Quit) (Name: Jarda_Lesik)","factions":[]}
{"action":27,"origin":"ac2","date":"2024-02-10T16:05:56","phones":[],"objects":[],"characters":[],"vehicles":[],"interiors":[],"accounts":[2],"content":"Connected from 127.0.0.1 - 9F9B2E173D6A3E6B999F7DCB30480170","factions":[]}
{"action":27,"origin":"ac2","date":"2024-02-10T16:06:08","phones":[],"objects":[],"characters":[2],"vehicles":[],"interiors":[],"accounts":[2],"content":"Spawned","factions":[]}
{"action":40,"origin":"ch2","date":"2024-02-10T16:06:23","phones":[],"objects":[],"characters":[2],"vehicles":[],"interiors":[],"accounts":[],"content":"Jarda Lesik takes out his Cellphone.","factions":[]}
{"action":7,"origin":"ch2","date":"2024-02-10T16:06:41","phones":[],"objects":[],"characters":[2],"vehicles":[],"interiors":[],"accounts":[],"content":"Čeština: Ahojda","factions":[]}
{"action":29,"origin":"ch2","date":"2024-02-10T16:06:46","phones":[473578,911],"objects":[],"characters":[2],"vehicles":[],"interiors":[],"accounts":[],"content":"[Čeština] Ahojda","factions":[]}
{"action":29,"origin":"ch2","date":"2024-02-10T16:06:51","phones":[473578,911],"objects":[],"characters":[2],"vehicles":[],"interiors":[],"accounts":[],"content":"[Čeština] Neznam","factions":[]}
{"action":29,"origin":"ch2","date":"2024-02-10T16:06:56","phones":[473578,911],"objects":[],"characters":[2],"vehicles":[],"interiors":[],"accounts":[],"content":"[Čeština] Janko","factions":[]}
{"action":40,"origin":"ch2","date":"2024-02-10T16:07:01","phones":[],"objects":[],"characters":[2],"vehicles":[],"interiors":[],"accounts":[],"content":"Jarda Lesik puts down his Cellphone.","factions":[]}
{"action":40,"origin":"ch2","date":"2024-02-10T16:08:06","phones":[],"objects":[],"characters":[2],"vehicles":[],"interiors":[],"accounts":[],"content":"Jarda Lesik takes out his Cellphone.","factions":[]}
{"action":40,"origin":"ch2","date":"2024-02-10T16:08:11","phones":[],"objects":[],"characters":[2],"vehicles":[],"interiors":[],"accounts":[],"content":"Jarda Lesik puts down his Cellphone.","factions":[]}
{"action":40,"origin":"ch2","date":"2024-02-10T16:09:15","phones":[],"objects":[],"characters":[2],"vehicles":[],"interiors":[],"accounts":[],"content":"Jarda Lesik takes out his Cellphone.","factions":[]}
{"action":40,"origin":"ch2","date":"2024-02-10T16:09:17","phones":[],"objects":[],"characters":[2],"vehicles":[],"interiors":[],"accounts":[],"content":"Jarda Lesik puts down his Cellphone.","factions":[]}
{"action":40,"origin":"ch2","date":"2024-02-10T16:09:31","phones":[],"objects":[],"characters":[2],"vehicles":[],"interiors":[],"accounts":[],"content":"Jarda Lesik takes out his Cellphone.","factions":[]}
{"action":40,"origin":"ch2","date":"2024-02-10T16:11:01","phones":[],"objects":[],"characters":[2],"vehicles":[],"interiors":[],"accounts":[],"content":"Jarda Lesik takes out his Cellphone.","factions":[]}
{"action":40,"origin":"ch2","date":"2024-02-10T16:15:13","phones":[],"objects":[],"characters":[2],"vehicles":[],"interiors":[],"accounts":[],"content":"Jarda Lesik puts down his Cellphone.","factions":[]}
{"action":27,"origin":"ac2","date":"2024-02-10T16:22:12","phones":[],"objects":[],"characters":[2],"vehicles":[],"interiors":[],"accounts":[2],"content":"Disconnected (Quit) (Name: Jarda_Lesik)","factions":[]}
{"action":27,"origin":"ac2","date":"2024-02-10T17:52:31","phones":[],"objects":[],"characters":[],"vehicles":[],"interiors":[],"accounts":[2],"content":"Connected from 127.0.0.1 - 9F9B2E173D6A3E6B999F7DCB30480170","factions":[]}
{"action":27,"origin":"ac2","date":"2024-02-10T17:52:40","phones":[],"objects":[],"characters":[2],"vehicles":[],"interiors":[],"accounts":[2],"content":"Spawned","factions":[]}
{"action":40,"origin":"ch2","date":"2024-02-10T17:52:51","phones":[],"objects":[],"characters":[2],"vehicles":[],"interiors":[],"accounts":[],"content":"Jarda Lesik looks at their Hodinky.","factions":[]}
{"action":40,"origin":"ch2","date":"2024-02-10T17:52:58","phones":[],"objects":[],"characters":[2],"vehicles":[],"interiors":[],"accounts":[],"content":"Jarda Lesik takes out his Iphone X 64 GB.","factions":[]}
{"action":40,"origin":"ch2","date":"2024-02-10T17:53:00","phones":[],"objects":[],"characters":[2],"vehicles":[],"interiors":[],"accounts":[],"content":"Jarda Lesik puts down his Iphone X 64 GB.","factions":[]}
{"action":40,"origin":"ch2","date":"2024-02-10T17:55:18","phones":[],"objects":[],"characters":[2],"vehicles":[],"interiors":[],"accounts":[],"content":"Jarda Lesik se podíval na hodinky.","factions":[]}
{"action":40,"origin":"ch2","date":"2024-02-10T17:55:26","phones":[],"objects":[],"characters":[2],"vehicles":[],"interiors":[],"accounts":[],"content":"Jarda Lesik takes out his Iphone X 64 GB.","factions":[]}
{"action":40,"origin":"ch2","date":"2024-02-10T17:55:33","phones":[],"objects":[],"characters":[2],"vehicles":[],"interiors":[],"accounts":[],"content":"Jarda Lesik puts down his Iphone X 64 GB.","factions":[]}
{"action":40,"origin":"ch2","date":"2024-02-10T17:56:36","phones":[],"objects":[],"characters":[2],"vehicles":[],"interiors":[],"accounts":[],"content":"Jarda Lesik takes out his Iphone X 64 GB.","factions":[]}
{"action":40,"origin":"ch2","date":"2024-02-10T17:56:38","phones":[],"objects":[],"characters":[2],"vehicles":[],"interiors":[],"accounts":[],"content":"Jarda Lesik puts down his Iphone X 64 GB.","factions":[]}
{"action":40,"origin":"ch2","date":"2024-02-10T17:56:39","phones":[],"objects":[],"characters":[2],"vehicles":[],"interiors":[],"accounts":[],"content":"Jarda Lesik se převlékl.","factions":[]}
{"action":40,"origin":"ch2","date":"2024-02-10T17:56:41","phones":[],"objects":[],"characters":[2],"vehicles":[],"interiors":[],"accounts":[],"content":"Jarda Lesik se převlékl.","factions":[]}
{"action":40,"origin":"ch2","date":"2024-02-10T17:56:42","phones":[],"objects":[],"characters":[2],"vehicles":[],"interiors":[],"accounts":[],"content":"Jarda Lesik se převlékl.","factions":[]}
{"action":4,"origin":"ch2","date":"2024-02-10T17:58:07","phones":[],"objects":[],"characters":[2],"vehicles":[],"interiors":[],"accounts":[],"content":"SET INTO FACTION LEADER","factions":[1]}
{"action":27,"origin":"ac2","date":"2024-02-10T18:01:12","phones":[],"objects":[],"characters":[2],"vehicles":[],"interiors":[],"accounts":[2],"content":"Disconnected (Quit) (Name: Jarda_Lesik)","factions":[]}
{"action":27,"origin":"ac2","date":"2024-02-10T18:02:04","phones":[],"objects":[],"characters":[],"vehicles":[],"interiors":[],"accounts":[2],"content":"Connected from 127.0.0.1 - 9F9B2E173D6A3E6B999F7DCB30480170","factions":[]}
{"action":27,"origin":"ac2","date":"2024-02-10T18:02:12","phones":[],"objects":[],"characters":[2],"vehicles":[],"interiors":[],"accounts":[2],"content":"Spawned","factions":[]}
{"action":27,"origin":"ac2","date":"2024-02-10T18:18:42","phones":[],"objects":[],"characters":[2],"vehicles":[],"interiors":[],"accounts":[2],"content":"Disconnected (Quit) (Name: Jarda_Lesik)","factions":[]}
{"action":27,"origin":"ac2","date":"2024-02-10T18:21:50","phones":[],"objects":[],"characters":[],"vehicles":[],"interiors":[],"accounts":[2],"content":"Connected from 127.0.0.1 - 9F9B2E173D6A3E6B999F7DCB30480170","factions":[]}
{"action":27,"origin":"ac2","date":"2024-02-10T18:21:58","phones":[],"objects":[],"characters":[2],"vehicles":[],"interiors":[],"accounts":[2],"content":"Spawned","factions":[]}
{"action":4,"origin":"ch2","date":"2024-02-10T18:30:56","phones":[],"objects":[],"characters":[2],"vehicles":[],"interiors":[],"accounts":[],"content":"SET INTO FACTION LEADER","factions":[1]}
{"action":27,"origin":"ac2","date":"2024-02-10T18:38:41","phones":[],"objects":[],"characters":[2],"vehicles":[],"interiors":[],"accounts":[2],"content":"Disconnected (Quit) (Name: Jarda_Lesik)","factions":[]}
{"action":27,"origin":"ac2","date":"2024-02-10T21:32:49","phones":[],"objects":[],"characters":[],"vehicles":[],"interiors":[],"accounts":[2],"content":"Connected from 127.0.0.1 - 9F9B2E173D6A3E6B999F7DCB30480170","factions":[]}
{"action":27,"origin":"ac2","date":"2024-02-10T21:32:58","phones":[],"objects":[],"characters":[2],"vehicles":[],"interiors":[],"accounts":[2],"content":"Spawned","factions":[]}
{"action":4,"origin":"ch2","date":"2024-02-10T21:47:47","phones":[],"objects":[],"characters":[2],"vehicles":[],"interiors":[],"accounts":[],"content":"GIVEITEM Macbook pro A1286 Core i7 1","factions":[]}
{"action":40,"origin":"ch2","date":"2024-02-10T21:47:51","phones":[],"objects":[],"characters":[2],"vehicles":[],"interiors":[],"accounts":[],"content":"Jarda Lesik si zapnul notebook.","factions":[]}
{"action":7,"origin":"ch2","date":"2024-02-10T22:01:01","phones":[],"objects":[],"characters":[2],"vehicles":[],"interiors":[],"accounts":[],"content":"Čeština: Asd","factions":[]}
{"action":7,"origin":"ch2","date":"2024-02-10T22:01:01","phones":[],"objects":[],"characters":[2],"vehicles":[],"interiors":[],"accounts":[],"content":"Čeština: Asd","factions":[]}
{"action":27,"origin":"ac2","date":"2024-02-10T22:09:40","phones":[],"objects":[],"characters":[2],"vehicles":[],"interiors":[],"accounts":[2],"content":"Disconnected (Quit) (Name: Jarda_Lesik)","factions":[]}
{"action":27,"origin":"ac2","date":"2024-02-10T22:10:12","phones":[],"objects":[],"characters":[],"vehicles":[],"interiors":[],"accounts":[2],"content":"Connected from 127.0.0.1 - 9F9B2E173D6A3E6B999F7DCB30480170","factions":[]}
{"action":27,"origin":"ac2","date":"2024-02-10T22:10:25","phones":[],"objects":[],"characters":[2],"vehicles":[],"interiors":[],"accounts":[2],"content":"Spawned","factions":[]}
{"action":35,"origin":"ch2","date":"2024-02-10T22:11:58","phones":[],"objects":[],"characters":[],"vehicles":[],"interiors":[],"accounts":[],"content":"Added location, Name:garaze ls Database ID:1 x:1567.6746 y:-1694.4343 z:5.890625 radius:3 interior:0 dimension:0","factions":[1]}
{"action":35,"origin":"ch2","date":"2024-02-10T22:12:18","phones":[],"objects":[],"characters":[],"vehicles":[],"interiors":[],"accounts":[],"content":"Added duty test Database ID #1","factions":[1]}
{"action":35,"origin":"ch2","date":"2024-02-10T22:15:00","phones":[],"objects":[],"characters":[],"vehicles":[],"interiors":[],"accounts":[],"content":"Revised duty test Database ID #1","factions":[1]}
{"action":27,"origin":"ac2","date":"2024-02-10T22:24:54","phones":[],"objects":[],"characters":[2],"vehicles":[],"interiors":[],"accounts":[2],"content":"Disconnected (Quit) (Name: Jarda_Lesik)","factions":[]}
