{"action":27,"origin":"ac2","date":"2024-03-03T11:53:27","phones":[],"objects":[],"characters":[],"vehicles":[],"interiors":[],"accounts":[2],"content":"Connected from 192.168.56.1 - 9F9B2E173D6A3E6B999F7DCB30480170","factions":[]}
{"action":27,"origin":"ac2","date":"2024-03-03T11:53:36","phones":[],"objects":[],"characters":[2],"vehicles":[],"interiors":[],"accounts":[2],"content":"Spawned","factions":[]}
{"action":37,"origin":"ch2","date":"2024-03-03T11:57:30","phones":[],"objects":[],"characters":[],"vehicles":[],"interiors":[2],"accounts":[],"content":"ADDINTERIOR T:0 I:86 C:1","factions":[]}
{"action":27,"origin":"ac2","date":"2024-03-03T14:35:17","phones":[],"objects":[],"characters":[2],"vehicles":[],"interiors":[],"accounts":[2],"content":"Disconnected (Quit) (Name: Jarda_Lesik)","factions":[]}
{"action":27,"origin":"ac2","date":"2024-03-03T14:49:21","phones":[],"objects":[],"characters":[],"vehicles":[],"interiors":[],"accounts":[2],"content":"Connected from 192.168.56.1 - 9F9B2E173D6A3E6B999F7DCB30480170","factions":[]}
{"action":27,"origin":"ac2","date":"2024-03-03T14:49:45","phones":[],"objects":[],"characters":[2],"vehicles":[],"interiors":[],"accounts":[2],"content":"Spawned","factions":[]}
{"action":27,"origin":"ac2","date":"2024-03-03T15:07:05","phones":[],"objects":[],"characters":[2],"vehicles":[],"interiors":[],"accounts":[2],"content":"Disconnected (Quit) (Name: Jarda_Lesik)","factions":[]}
{"action":27,"origin":"ac2","date":"2024-03-03T15:08:22","phones":[],"objects":[],"characters":[],"vehicles":[],"interiors":[],"accounts":[2],"content":"Connected from 192.168.56.1 - 9F9B2E173D6A3E6B999F7DCB30480170","factions":[]}
{"action":27,"origin":"ac2","date":"2024-03-03T15:08:30","phones":[],"objects":[],"characters":[2],"vehicles":[],"interiors":[],"accounts":[2],"content":"Spawned","factions":[]}
{"action":27,"origin":"ac2","date":"2024-03-03T15:08:46","phones":[],"objects":[],"characters":[2],"vehicles":[],"interiors":[],"accounts":[2],"content":"Disconnected (Quit) (Name: Jarda_Lesik)","factions":[]}
{"action":27,"origin":"ac2","date":"2024-03-03T15:09:35","phones":[],"objects":[],"characters":[],"vehicles":[],"interiors":[],"accounts":[2],"content":"Connected from 192.168.56.1 - 9F9B2E173D6A3E6B999F7DCB30480170","factions":[]}
{"action":27,"origin":"ac2","date":"2024-03-03T15:09:47","phones":[],"objects":[],"characters":[2],"vehicles":[],"interiors":[],"accounts":[2],"content":"Spawned","factions":[]}
{"action":37,"origin":"ch2","date":"2024-03-03T15:11:39","phones":[],"objects":[],"characters":[],"vehicles":[],"interiors":[2],"accounts":[],"content":"BUYPROPERTY TOKEN USED","factions":[]}
{"action":31,"origin":"ch2","date":"2024-03-03T15:11:45","phones":[],"objects":[],"characters":[2],"vehicles":[],"interiors":[2],"accounts":[],"content":"ENTERED","factions":[]}
{"action":31,"origin":"ch2","date":"2024-03-03T15:11:48","phones":[],"objects":[],"characters":[2],"vehicles":[],"interiors":[2],"accounts":[],"content":"EXITED","factions":[]}
{"action":37,"origin":"ch2","date":"2024-03-03T15:11:58","phones":[],"objects":[],"characters":[],"vehicles":[],"interiors":[4],"accounts":[],"content":"ADDINTERIOR T:0 I:86 C:1","factions":[]}
{"action":27,"origin":"ac2","date":"2024-03-03T15:18:59","phones":[],"objects":[],"characters":[2],"vehicles":[],"interiors":[],"accounts":[2],"content":"Disconnected (Quit) (Name: Jarda_Lesik)","factions":[]}
{"action":27,"origin":"ac2","date":"2024-03-03T15:19:51","phones":[],"objects":[],"characters":[],"vehicles":[],"interiors":[],"accounts":[2],"content":"Connected from 192.168.56.1 - 9F9B2E173D6A3E6B999F7DCB30480170","factions":[]}
{"action":27,"origin":"ac2","date":"2024-03-03T15:20:00","phones":[],"objects":[],"characters":[2],"vehicles":[],"interiors":[],"accounts":[2],"content":"Spawned","factions":[]}
{"action":31,"origin":"ch2","date":"2024-03-03T15:20:12","phones":[],"objects":[],"characters":[2],"vehicles":[],"interiors":[4],"accounts":[],"content":"ENTERED","factions":[]}
{"action":31,"origin":"ch2","date":"2024-03-03T15:20:37","phones":[],"objects":[],"characters":[2],"vehicles":[],"interiors":[4],"accounts":[],"content":"EXITED","factions":[]}
{"action":4,"origin":"ch2","date":"2024-03-03T15:29:04","phones":[],"objects":[],"characters":[],"vehicles":[],"interiors":[],"accounts":[],"content":"EDIT FACTION","factions":[4]}
{"action":37,"origin":"ch2","date":"2024-03-03T15:30:12","phones":[],"objects":[],"characters":[],"vehicles":[],"interiors":[4],"accounts":[],"content":"BUYPROPERTY $1","factions":[]}
{"action":31,"origin":"ch2","date":"2024-03-03T15:30:16","phones":[],"objects":[],"characters":[2],"vehicles":[],"interiors":[4],"accounts":[],"content":"ENTERED","factions":[]}
{"action":40,"origin":"ch2","date":"2024-03-03T15:30:21","phones":[],"objects":[],"characters":[2],"vehicles":[],"interiors":[],"accounts":[],"content":"Jarda Lesik strčí klíč do dveří a zamkne je.","factions":[]}
{"action":31,"origin":"ch2","date":"2024-03-03T15:30:21","phones":[],"objects":[],"characters":[],"vehicles":[],"interiors":[4],"accounts":[],"content":"LOCK INTERIOR","factions":[]}
{"action":40,"origin":"ch2","date":"2024-03-03T15:30:24","phones":[],"objects":[],"characters":[2],"vehicles":[],"interiors":[],"accounts":[],"content":"Jarda Lesik vloží klíč do dveří a odemkne je.","factions":[]}
{"action":31,"origin":"ch2","date":"2024-03-03T15:30:24","phones":[],"objects":[],"characters":[],"vehicles":[],"interiors":[4],"accounts":[],"content":"UNLOCK INTERIOR","factions":[]}
{"action":31,"origin":"ch2","date":"2024-03-03T15:30:26","phones":[],"objects":[],"characters":[2],"vehicles":[],"interiors":[4],"accounts":[],"content":"EXITED","factions":[]}
{"action":40,"origin":"ch2","date":"2024-03-03T15:30:28","phones":[],"objects":[],"characters":[2],"vehicles":[],"interiors":[],"accounts":[],"content":"Jarda Lesik strčí klíč do dveří a zamkne je.","factions":[]}
{"action":31,"origin":"ch2","date":"2024-03-03T15:30:28","phones":[],"objects":[],"characters":[],"vehicles":[],"interiors":[4],"accounts":[],"content":"LOCK INTERIOR","factions":[]}
{"action":40,"origin":"ch2","date":"2024-03-03T15:33:30","phones":[],"objects":[],"characters":[2],"vehicles":[],"interiors":[],"accounts":[],"content":"Jarda Lesik vloží klíč do dveří a odemkne je.","factions":[]}
{"action":31,"origin":"ch2","date":"2024-03-03T15:33:30","phones":[],"objects":[],"characters":[],"vehicles":[],"interiors":[4],"accounts":[],"content":"UNLOCK INTERIOR","factions":[]}
{"action":31,"origin":"ch2","date":"2024-03-03T15:33:36","phones":[],"objects":[],"characters":[2],"vehicles":[],"interiors":[4],"accounts":[],"content":"ENTERED","factions":[]}
{"action":40,"origin":"ch2","date":"2024-03-03T15:33:37","phones":[],"objects":[],"characters":[2],"vehicles":[],"interiors":[],"accounts":[],"content":"Jarda Lesik strčí klíč do dveří a zamkne je.","factions":[]}
{"action":31,"origin":"ch2","date":"2024-03-03T15:33:37","phones":[],"objects":[],"characters":[],"vehicles":[],"interiors":[4],"accounts":[],"content":"LOCK INTERIOR","faction{"action":40,"origin":"ch2","date":"2024-03-03T15:35:53","phones":[],"objects":[],"characters":[2],"vehicles":[],"interiors":[],"accounts":[],"content":"Jarda Lesik vloží klíč do dveří a odemkne je.","factions":[]}
{"action":31,"origin":"ch2","date":"2024-03-03T15:35:53","phones":[],"objects":[],"characters":[],"vehicles":[],"interiors":[4],"accounts":[],"content":"UNLOCK INTERIOR","factions":[]}
{"action":40,"origin":"ch2","date":"2024-03-03T15:35:56","phones":[],"objects":[],"characters":[2],"vehicles":[],"interiors":[],"accounts":[],"content":"Jarda Lesik strčí klíč do dveří a zamkne je.","factions":[]}
{"action":31,"origin":"ch2","date":"2024-03-03T15:35:56","phones":[],"objects":[],"characters":[],"vehicles":[],"interiors":[4],"accounts":[],"content":"LOCK INTERIOR","factions":[]}
{"action":40,"origin":"ch2","date":"2024-03-03T15:35:59","phones":[],"objects":[],"characters":[2],"vehicles":[],"interiors":[],"accounts":[],"content":"Jarda Lesik vloží klíč do dveří a odemkne je.","factions":[]}
{"action":31,"origin":"ch2","date":"2024-03-03T15:35:59","phones":[],"objects":[],"characters":[],"vehicles":[],"interiors":[4],"accounts":[],"content":"UNLOCK INTERIOR","factions":[]}
{"action":31,"origin":"ch2","date":"2024-03-03T15:36:00","phones":[],"objects":[],"characters":[2],"vehicles":[],"interiors":[4],"accounts":[],"content":"EXITED","factions":[]}
{"action":31,"origin":"ch2","date":"2024-03-03T15:38:39","phones":[],"objects":[],"characters":[2],"vehicles":[],"interiors":[2],"accounts":[],"content":"ENTERED","factions":[]}
{"action":39,"origin":"ch2","date":"2024-03-03T15:38:41","phones":[],"objects":[],"characters":[2],"vehicles":[],"interiors":[],"accounts":[],"content":"Jarda_Lesik -> ~World #16 - Shell Casing - .45 casing @ (2496.4065, -1694.7325, 1013.7422) in (int 3, dim 2)","factions":[]}
{"action":31,"origin":"ch2","date":"2024-03-03T15:38:44","phones":[],"objects":[],"characters":[2],"vehicles":[],"interiors":[2],"accounts":[],"content":"EXITED","factions":[]}
{"action":40,"origin":"ch2","date":"2024-03-03T15:38:54","phones":[],"objects":[],"characters":[2],"vehicles":[],"interiors":[],"accounts":[],"content":"Jarda Lesik strčí klíč do dveří a zamkne je.","factions":[]}
{"action":31,"origin":"ch2","date":"2024-03-03T15:38:54","phones":[],"objects":[],"characters":[],"vehicles":[],"interiors":[4],"accounts":[],"content":"LOCK INTERIOR","factions":[]}
