{"action":27,"origin":"ac2","date":"2024-02-25T00:05:52","phones":[],"objects":[],"characters":[2],"vehicles":[],"interiors":[],"accounts":[2],"content":"Spawned","factions":[]}
{"action":31,"origin":"ch2","date":"2024-02-25T00:06:00","phones":[],"objects":[],"characters":[2],"vehicles":[],"interiors":[3],"accounts":[],"content":"ENTERED","factions":[]}
{"action":31,"origin":"ch2","date":"2024-02-25T00:41:29","phones":[],"objects":[],"characters":[2],"vehicles":[],"interiors":[3],"accounts":[],"content":"EXITED","factions":[]}
{"action":40,"origin":"ch2","date":"2024-02-25T00:42:09","phones":[],"objects":[],"characters":[2],"vehicles":[],"interiors":[],"accounts":[],"content":"Jarda Lesik si zapnul notebook.","factions":[]}
{"action":6,"origin":"ch2","date":"2024-02-25T00:47:07","phones":[],"objects":[],"characters":[],"vehicles":[3],"interiors":[],"accounts":[],"content":"SPAWNVEH 'Manana' CIVILLIAN","factions":[]}
{"action":6,"origin":"ch2","date":"2024-02-25T00:47:20","phones":[],"objects":[],"characters":[],"vehicles":[4],"interiors":[],"accounts":[],"content":"SPAWNVEH 'Manana' CIVILLIAN","factions":[]}
{"action":6,"origin":"ch2","date":"2024-02-25T00:47:23","phones":[],"objects":[],"characters":[],"vehicles":[5],"interiors":[],"accounts":[],"content":"SPAWNVEH 'Manana' CIVILLIAN","factions":[]}
{"action":6,"origin":"ch2","date":"2024-02-25T00:47:26","phones":[],"objects":[],"characters":[],"vehicles":[6],"interiors":[],"accounts":[],"content":"SPAWNVEH 'Manana' CIVILLIAN","factions":[]}
{"action":27,"origin":"ac2","date":"2024-02-25T00:55:49","phones":[],"objects":[],"characters":[2],"vehicles":[],"interiors":[],"accounts":[2],"content":"Disconnected (Quit) (Name: Jarda_Lesik)","factions":[]}
{"action":27,"origin":"ac2","date":"2024-02-25T00:57:04","phones":[],"objects":[],"characters":[],"vehicles":[],"interiors":[],"accounts":[2],"content":"Connected from 192.168.56.1 - 9F9B2E173D6A3E6B999F7DCB30480170","factions":[]}
{"action":27,"origin":"ac2","date":"2024-02-25T00:57:12","phones":[],"objects":[],"characters":[2],"vehicles":[],"interiors":[],"accounts":[2],"content":"Spawned","factions":[]}
{"action":31,"origin":"ch2","date":"2024-02-25T00:57:50","phones":[],"objects":[],"characters":[2],"vehicles":[],"interiors":[3],"accounts":[],"content":"ENTERED","factions":[]}
{"action":31,"origin":"ch2","date":"2024-02-25T00:58:03","phones":[],"objects":[],"characters":[2],"vehicles":[],"interiors":[3],"accounts":[],"content":"EXITED","factions":[]}
{"action":6,"origin":"ch2","date":"2024-02-25T01:03:35","phones":[],"objects":[],"characters":[],"vehicles":[6],"interiors":[],"accounts":[],"content":"gotocar","factions":[]}
{"action":31,"origin":"ch2","date":"2024-02-25T01:04:15","phones":[],"objects":[],"characters":[2],"vehicles":[6],"interiors":[],"accounts":[],"content":"STARTED ENGINE","factions":[]}
{"action":31,"origin":"ch2","date":"2024-02-25T01:04:30","phones":[],"objects":[],"characters":[2],"vehicles":[5],"interiors":[],"accounts":[],"content":"STARTED ENGINE","factions":[]}
{"action":31,"origin":"ch2","date":"2024-02-25T01:04:39","phones":[],"objects":[],"characters":[2],"vehicles":[4],"interiors":[],"accounts":[],"content":"STARTED ENGINE","factions":[]}
{"action":31,"origin":"ch2","date":"2024-02-25T01:04:50","phones":[],"objects":[],"characters":[2],"vehicles":[3],"interiors":[],"accounts":[],"content":"STARTED ENGINE","factions":[]}
{"action":27,"origin":"ac2","date":"2024-02-25T01:04:58","phones":[],"objects":[],"characters":[2],"vehicles":[],"interiors":[],"accounts":[2],"content":"Disconnected (Quit) (Name: Jarda_Lesik)","factions":[]}
{"action":27,"origin":"ac2","date":"2024-02-25T01:06:48","phones":[],"objects":[],"characters":[],"vehicles":[],"interiors":[],"accounts":[2],"content":"Connected from 192.168.56.1 - 9F9B2E173D6A3E6B999F7DCB30480170","factions":[]}
{"action":27,"origin":"ac2","date":"2024-02-25T01:06:56","phones":[],"objects":[],"characters":[2],"vehicles":[],"interiors":[],"accounts":[2],"content":"Spawned","factions":[]}
{"action":6,"origin":"ch2","date":"2024-02-25T01:10:31","phones":[],"objects":[],"characters":[],"vehicles":[3],"interiors":[],"accounts":[],"content":"RESPAWN","factions":[]}
{"action":6,"origin":"ch2","date":"2024-02-25T01:10:33","phones":[],"objects":[],"characters":[],"vehicles":[4],"interiors":[],"accounts":[],"content":"RESPAWN","factions":[]}
{"action":6,"origin":"ch2","date":"2024-02-25T01:10:39","phones":[],"objects":[],"characters":[],"vehicles":[5],"interiors":[],"accounts":[],"content":"RESPAWN","factions":[]}
{"action":6,"origin":"ch2","date":"2024-02-25T01:10:42","phones":[],"objects":[],"characters":[],"vehicles":[6],"interiors":[],"accounts":[],"content":"RESPAWN","factions":[]}
{"action":6,"origin":"ch2","date":"2024-02-25T01:11:30","phones":[],"objects":[],"characters":[],"vehicles":[6],"interiors":[],"accounts":[],"content":"RESPAWN","factions":[]}
{"action":27,"origin":"ac2","date":"2024-02-25T01:12:27","phones":[],"objects":[],"characters":[2],"vehicles":[],"interiors":[],"accounts":[2],"content":"Disconnected (Quit) (Name: Jarda_Lesik)","factions":[]}
{"action":27,"origin":"ac2","date":"2024-02-25T01:15:07","phones":[],"objects":[],"characters":[],"vehicles":[],"interiors":[],"accounts":[2],"content":"Connected from 192.168.56.1 - 9F9B2E173D6A3E6B999F7DCB30480170","factions":[]}
{"action":27,"origin":"ac2","date":"2024-02-25T01:15:14","phones":[],"objects":[],"characters":[2],"vehicles":[],"interiors":[],"accounts":[2],"content":"Spawned","factions":[]}
{"action":31,"origin":"ch2","date":"2024-02-25T01:17:49","phones":[],"objects":[],"characters":[2],"vehicles":[],"interiors":[3],"accounts":[],"content":"ENTERED","factions":[]}
{"action":31,"origin":"ch2","date":"2024-02-25T01:18:45","phones":[],"objects":[],"characters":[2],"vehicles":[],"interiors":[3],"accounts":[],"content":"EXITED","factions":[]}
{"action":31,"origin":"ch2","date":"2024-02-25T01:18:53","phones":[],"objects":[],"characters":[2],"vehicles":[3],"interiors":[],"accounts":[],"content":"STARTED ENGINE","factions":[]}
{"action":40,"origin":"ch2","date":"2024-02-25T01:29:52","phones":[],"objects":[],"characters":[2],"vehicles":[],"interiors":[],"accounts":[],"content":"Jarda Lesik reloads his Deagle.","factions":[]}
{"action":39,"origin":"ch2","date":"2024-02-25T01:29:58","phones":[],"objects":[],"characters":[2],"vehicles":[],"interiors":[],"accounts":[],"content":"Jarda_Lesik -> ~World #15 - Shell Casing - .45 casing @ (1080.9985, -1788.1816, 12.653524) in (int 0, dim 0)","factions":[]}
{"action":27,"origin":"ac2","date":"2024-02-25T01:40:57","phones":[],"objects":[],"characters":[2],"vehicles":[],"interiors":[],"accounts":[2],"content":"Disconnected (Quit) (Name: Jarda_Lesik)","factions":[]}
{"action":27,"origin":"ac2","date":"2024-02-25T01:42:58","phones":[],"objects":[],"characters":[],"vehicles":[],"interiors":[],"accounts":[2],"content":"Connected from 192.168.56.1 - 9F9B2E173D6A3E6B999F7DCB30480170","factions":[]}
{"action":27,"origin":"ac2","date":"2024-02-25T01:43:06","phones":[],"objects":[],"characters":[2],"vehicles":[],"interiors":[],"accounts":[2],"content":"Spawned","factions":[]}
{"action":7,"origin":"ch2","date":"2024-02-25T01:50:18","phones":[],"objects":[],"characters":[2],"vehicles":[],"interiors":[],"accounts":[],"content":"Čeština: Ddfg","factions":[]}
{"action":7,"origin":"ch2","date":"2024-02-25T01:53:29","phones":[],"objects":[],"characters":[2],"vehicles":[],"interiors":[],"accounts":[],"content":"Čeština: Ddfg","factions":[]}
{"action":27,"origin":"ac2","date":"2024-02-25T01:57:49","phones":[],"objects":[],"characters":[2],"vehicles":[],"interiors":[],"accounts":[2],"content":"Disconnected (Quit) (Name: Jarda_Lesik)","factions":[]}
{"action":27,"origin":"ac2","date":"2024-02-25T01:58:36","phones":[],"objects":[],"characters":[],"vehicles":[],"interiors":[],"accounts":[2],"content":"Connected from 192.168.56.1 - 9F9B2E173D6A3E6B999F7DCB30480170","factions":[]}
{"action":27,"origin":"ac2","date":"2024-02-25T01:58:45","phones":[],"objects":[],"characters":[2],"vehicles":[],"interiors":[],"accounts":[2],"content":"Spawned","factions":[]}
{"action":27,"origin":"ac2","date":"2024-02-25T02:15:58","phones":[],"objects":[],"characters":[2],"vehicles":[],"interiors":[],"accounts":[2],"content":"Disconnected (Quit) (Name: Jarda_Lesik)","factions":[]}
{"action":27,"origin":"ac2","date":"2024-02-25T02:16:27","phones":[],"objects":[],"characters":[],"vehicles":[],"interiors":[],"accounts":[2],"content":"Connected from 192.168.56.1 - 9F9B2E173D6A3E6B999F7DCB30480170","factions":[]}
{"action":27,"origin":"ac2","date":"2024-02-25T02:16:36","phones":[],"objects":[],"characters":[2],"vehicles":[],"interiors":[],"accounts":[2],"content":"Spawned","factions":[]}
{"action":27,"origin":"ac2","date":"2024-02-25T02:16:56","phones":[],"objects":[],"characters":[2],"vehicles":[],"interiors":[],"accounts":[2],"content":"Disconnected (Quit) (Name: Jarda_Lesik)","factions":[]}
{"action":27,"origin":"ac2","date":"2024-02-25T21:18:06","phones":[],"objects":[],"characters":[],"vehicles":[],"interiors":[],"accounts":[2],"content":"Connected from 192.168.56.1 - 9F9B2E173D6A3E6B999F7DCB30480170","factions":[]}
{"action":27,"origin":"ac2","date":"2024-02-25T21:18:15","phones":[],"objects":[],"characters":[2],"vehicles":[],"interiors":[],"accounts":[2],"content":"Spawned","factions":[]}
{"action":6,"origin":"ch2","date":"2024-02-25T21:18:50","phones":[],"objects":[],"characters":[],"vehicles":[22],"interiors":[],"accounts":[],"content":"SPAWNVEH 'Landstalker' CIVILLIAN","factions":[]}
{"action":27,"origin":"ac2","date":"2024-02-25T21:20:55","phones":[],"objects":[],"characters":[2],"vehicles":[],"interiors":[],"accounts":[2],"content":"Disconnected (Quit) (Name: Jarda_Lesik)","factions":[]}
